2026-06-03 20:01:52,586 - database.db - INFO - Database initialized successfully
2026-06-03 20:02:16,964 - database.db - INFO - Database initialized successfully
2026-06-03 20:02:16,997 - __main__ - INFO - Starting YouTube Summarizer application
2026-06-03 20:02:17,585 - werkzeug - INFO - [31m[1mWARNING: This is a development server. Do not use it in a production deployment. Use a production WSGI server instead.[0m
 * Running on all addresses (0.0.0.0)
 * Running on http://127.0.0.1:5000
 * Running on http://192.168.29.166:5000
2026-06-03 20:02:17,588 - werkzeug - INFO - [33mPress CTRL+C to quit[0m
2026-06-03 20:02:17,639 - werkzeug - INFO -  * Restarting with stat
2026-06-03 20:02:31,168 - database.db - INFO - Database initialized successfully
2026-06-03 20:02:31,173 - __main__ - INFO - Starting YouTube Summarizer application
2026-06-03 20:02:31,192 - werkzeug - WARNING -  * Debugger is active!
2026-06-03 20:02:31,209 - werkzeug - INFO -  * Debugger PIN: 123-915-065
2026-06-03 20:02:31,227 - database.db - INFO - Database initialized successfully
2026-06-03 20:02:31,232 - __main__ - INFO - Starting YouTube Summarizer application
2026-06-03 20:02:31,284 - werkzeug - INFO - [31m[1mWARNING: This is a development server. Do not use it in a production deployment. Use a production WSGI server instead.[0m
 * Running on all addresses (0.0.0.0)
 * Running on http://127.0.0.1:5000
 * Running on http://192.168.29.166:5000
2026-06-03 20:02:31,284 - werkzeug - INFO - [33mPress CTRL+C to quit[0m
2026-06-03 20:02:31,287 - werkzeug - INFO -  * Restarting with stat
2026-06-03 20:02:37,518 - __main__ - INFO - User accessed index page
2026-06-03 20:02:37,525 - database.db - INFO - Analytics retrieved: {'total_summaries': 0, 'total_words_processed': 0, 'average_compression_ratio': 0, 'total_summary_words': 0, 'last_summary_time': None, 'average_summary_length': 0}
2026-06-03 20:02:37,548 - werkzeug - INFO - 127.0.0.1 - - [03/Jun/2026 20:02:37] "GET / HTTP/1.1" 200 -
2026-06-03 20:02:38,866 - werkzeug - INFO - 127.0.0.1 - - [03/Jun/2026 20:02:38] "GET /static/style.css HTTP/1.1" 200 -
2026-06-03 20:02:40,941 - database.db - INFO - Database initialized successfully
2026-06-03 20:02:40,945 - __main__ - INFO - Starting YouTube Summarizer application
2026-06-03 20:02:40,963 - werkzeug - WARNING -  * Debugger is active!
2026-06-03 20:02:40,975 - werkzeug - INFO -  * Debugger PIN: 123-915-065
2026-06-03 20:02:53,651 - __main__ - INFO - User accessed index page
2026-06-03 20:02:53,655 - database.db - INFO - Analytics retrieved: {'total_summaries': 0, 'total_words_processed': 0, 'average_compression_ratio': 0, 'total_summary_words': 0, 'last_summary_time': None, 'average_summary_length': 0}
2026-06-03 20:02:53,656 - werkzeug - INFO - 192.168.29.166 - - [03/Jun/2026 20:02:53] "GET / HTTP/1.1" 200 -
2026-06-03 20:02:53,891 - werkzeug - INFO - 192.168.29.166 - - [03/Jun/2026 20:02:53] "GET /static/style.css HTTP/1.1" 200 -
2026-06-03 20:02:54,409 - __main__ - WARNING - 404 error: 404 Not Found: The requested URL was not found on the server. If you entered the URL manually please check your spelling and try again.
2026-06-03 20:02:54,410 - werkzeug - INFO - 192.168.29.166 - - [03/Jun/2026 20:02:54] "[33mGET /favicon.ico HTTP/1.1[0m" 404 -
2026-06-03 20:03:59,525 - utils.transcript - INFO - Extracted video ID: RAOlcfNUIlU
2026-06-03 20:03:59,526 - __main__ - INFO - Processing video: RAOlcfNUIlU
2026-06-03 20:03:59,526 - __main__ - INFO - Extracting transcript for RAOlcfNUIlU
2026-06-03 20:03:59,526 - utils.transcript - INFO - Extracted video ID: RAOlcfNUIlU
2026-06-03 20:03:59,526 - utils.transcript - INFO - Fetching transcript for video: RAOlcfNUIlU
2026-06-03 20:04:05,789 - utils.transcript - INFO - Extracted video ID: RAOlcfNUIlU
2026-06-03 20:04:05,790 - __main__ - INFO - Processing video: RAOlcfNUIlU
2026-06-03 20:04:05,792 - __main__ - INFO - Extracting transcript for RAOlcfNUIlU
2026-06-03 20:04:05,793 - utils.transcript - INFO - Extracted video ID: RAOlcfNUIlU
2026-06-03 20:04:05,794 - utils.transcript - INFO - Fetching transcript for video: RAOlcfNUIlU
2026-06-03 20:04:07,208 - utils.transcript - INFO - Extracted video ID: RAOlcfNUIlU
2026-06-03 20:04:07,209 - __main__ - INFO - Processing video: RAOlcfNUIlU
2026-06-03 20:04:07,209 - __main__ - INFO - Extracting transcript for RAOlcfNUIlU
2026-06-03 20:04:07,210 - utils.transcript - INFO - Extracted video ID: RAOlcfNUIlU
2026-06-03 20:04:07,210 - utils.transcript - INFO - Fetching transcript for video: RAOlcfNUIlU
2026-06-03 20:04:08,437 - utils.transcript - WARNING - No preferred language transcript found for RAOlcfNUIlU, trying auto-generated
2026-06-03 20:04:10,413 - __main__ - ERROR - Failed to extract transcript for RAOlcfNUIlU
2026-06-03 20:04:10,417 - werkzeug - INFO - 192.168.29.166 - - [03/Jun/2026 20:04:10] "[31m[1mPOST /api/summarize HTTP/1.1[0m" 400 -
2026-06-03 20:04:16,899 - utils.transcript - WARNING - No preferred language transcript found for RAOlcfNUIlU, trying auto-generated
2026-06-03 20:04:17,102 - utils.transcript - WARNING - No preferred language transcript found for RAOlcfNUIlU, trying auto-generated
2026-06-03 20:04:18,638 - __main__ - ERROR - Failed to extract transcript for RAOlcfNUIlU
2026-06-03 20:04:18,640 - werkzeug - INFO - 192.168.29.166 - - [03/Jun/2026 20:04:18] "[31m[1mPOST /api/summarize HTTP/1.1[0m" 400 -
2026-06-03 20:04:18,966 - __main__ - ERROR - Failed to extract transcript for RAOlcfNUIlU
2026-06-03 20:04:18,966 - werkzeug - INFO - 192.168.29.166 - - [03/Jun/2026 20:04:18] "[31m[1mPOST /api/summarize HTTP/1.1[0m" 400 -
2026-06-03 20:05:13,148 - utils.transcript - INFO - Extracted video ID: VS2H73Xjf9o
2026-06-03 20:05:13,149 - __main__ - INFO - Processing video: VS2H73Xjf9o
2026-06-03 20:05:13,149 - __main__ - INFO - Extracting transcript for VS2H73Xjf9o
2026-06-03 20:05:13,150 - utils.transcript - INFO - Extracted video ID: VS2H73Xjf9o
2026-06-03 20:05:13,150 - utils.transcript - INFO - Fetching transcript for video: VS2H73Xjf9o
2026-06-03 20:05:21,761 - utils.transcript - WARNING - No preferred language transcript found for VS2H73Xjf9o, trying auto-generated
2026-06-03 20:05:24,792 - utils.transcript - ERROR - Failed to fetch transcript for VS2H73Xjf9o: no element found: line 1, column 0
2026-06-03 20:05:24,794 - __main__ - ERROR - Failed to extract transcript for VS2H73Xjf9o
2026-06-03 20:05:24,794 - werkzeug - INFO - 192.168.29.166 - - [03/Jun/2026 20:05:24] "[31m[1mPOST /api/summarize HTTP/1.1[0m" 400 -
2026-06-03 20:07:36,243 - werkzeug - INFO -  * Detected change in 'C:\\Users\\megha\\OneDrive\\Desktop\\Youtube-Summarizer\\utils\\transcript.py', reloading
2026-06-03 20:07:37,091 - werkzeug - INFO -  * Detected change in 'C:\\Users\\megha\\OneDrive\\Desktop\\Youtube-Summarizer\\utils\\transcript.py', reloading
2026-06-03 20:07:41,397 - werkzeug - INFO -  * Restarting with stat
2026-06-03 20:07:42,545 - werkzeug - INFO -  * Restarting with stat
2026-06-03 20:07:56,791 - database.db - INFO - Database initialized successfully
2026-06-03 20:07:56,794 - database.db - INFO - Database initialized successfully
2026-06-03 20:07:56,796 - __main__ - INFO - Starting YouTube Summarizer application
2026-06-03 20:07:56,798 - __main__ - INFO - Starting YouTube Summarizer application
2026-06-03 20:07:56,821 - werkzeug - WARNING -  * Debugger is active!
2026-06-03 20:07:56,821 - werkzeug - WARNING -  * Debugger is active!
2026-06-03 20:07:56,832 - werkzeug - INFO -  * Debugger PIN: 123-915-065
2026-06-03 20:10:56,548 - database.db - INFO - Database initialized successfully
2026-06-03 20:10:56,555 - __main__ - INFO - Starting YouTube Summarizer application
2026-06-03 20:10:56,732 - werkzeug - INFO - [31m[1mWARNING: This is a development server. Do not use it in a production deployment. Use a production WSGI server instead.[0m
 * Running on all addresses (0.0.0.0)
 * Running on http://127.0.0.1:5000
 * Running on http://192.168.29.166:5000
2026-06-03 20:10:56,732 - werkzeug - INFO - [33mPress CTRL+C to quit[0m
2026-06-03 20:10:56,755 - werkzeug - INFO -  * Restarting with stat
2026-06-03 20:10:57,366 - database.db - INFO - Database initialized successfully
2026-06-03 20:11:00,884 - database.db - INFO - Database initialized successfully
2026-06-03 20:11:00,895 - __main__ - INFO - Starting YouTube Summarizer application
2026-06-03 20:11:01,081 - werkzeug - INFO - [31m[1mWARNING: This is a development server. Do not use it in a production deployment. Use a production WSGI server instead.[0m
 * Running on all addresses (0.0.0.0)
 * Running on http://127.0.0.1:5000
 * Running on http://192.168.29.166:5000
2026-06-03 20:11:01,082 - werkzeug - INFO - [33mPress CTRL+C to quit[0m
2026-06-03 20:11:01,088 - werkzeug - INFO -  * Restarting with stat
2026-06-03 20:11:07,219 - database.db - INFO - Database initialized successfully
2026-06-03 20:11:07,227 - __main__ - INFO - Starting YouTube Summarizer application
2026-06-03 20:11:07,320 - werkzeug - INFO - [31m[1mWARNING: This is a development server. Do not use it in a production deployment. Use a production WSGI server instead.[0m
 * Running on all addresses (0.0.0.0)
 * Running on http://127.0.0.1:5000
 * Running on http://192.168.29.166:5000
2026-06-03 20:11:07,321 - werkzeug - INFO - [33mPress CTRL+C to quit[0m
2026-06-03 20:11:07,324 - werkzeug - INFO -  * Restarting with stat
2026-06-03 20:11:10,763 - database.db - INFO - Database initialized successfully
2026-06-03 20:11:10,772 - __main__ - INFO - Starting YouTube Summarizer application
2026-06-03 20:11:10,967 - werkzeug - INFO - [31m[1mWARNING: This is a development server. Do not use it in a production deployment. Use a production WSGI server instead.[0m
 * Running on all addresses (0.0.0.0)
 * Running on http://127.0.0.1:5000
 * Running on http://192.168.29.166:5000
2026-06-03 20:11:10,967 - werkzeug - INFO - [33mPress CTRL+C to quit[0m
2026-06-03 20:11:10,975 - werkzeug - INFO -  * Restarting with stat
2026-06-03 20:11:12,813 - database.db - INFO - Database initialized successfully
2026-06-03 20:11:23,681 - __main__ - INFO - User accessed index page
2026-06-03 20:11:23,728 - database.db - INFO - Analytics retrieved: {'total_summaries': 0, 'total_words_processed': 0, 'average_compression_ratio': 0, 'total_summary_words': 0, 'last_summary_time': None, 'average_summary_length': 0}
2026-06-03 20:11:23,979 - werkzeug - INFO - 192.168.29.166 - - [03/Jun/2026 20:11:23] "GET / HTTP/1.1" 200 -
2026-06-03 20:11:24,455 - werkzeug - INFO - 192.168.29.166 - - [03/Jun/2026 20:11:24] "[36mGET /static/style.css HTTP/1.1[0m" 304 -
2026-06-03 20:11:27,686 - database.db - INFO - Database initialized successfully
2026-06-03 20:11:27,694 - __main__ - INFO - Starting YouTube Summarizer application
2026-06-03 20:11:27,752 - werkzeug - WARNING -  * Debugger is active!
2026-06-03 20:11:27,767 - werkzeug - INFO -  * Debugger PIN: 123-915-065
2026-06-03 20:11:32,216 - database.db - INFO - Database initialized successfully
2026-06-03 20:11:32,242 - __main__ - INFO - Starting YouTube Summarizer application
2026-06-03 20:11:32,328 - werkzeug - WARNING -  * Debugger is active!
2026-06-03 20:11:32,354 - werkzeug - INFO -  * Debugger PIN: 123-915-065
2026-06-03 20:11:34,320 - database.db - INFO - Database initialized successfully
2026-06-03 20:11:34,326 - __main__ - INFO - Starting YouTube Summarizer application
2026-06-03 20:11:34,360 - werkzeug - WARNING -  * Debugger is active!
2026-06-03 20:11:34,371 - werkzeug - INFO -  * Debugger PIN: 123-915-065
2026-06-03 20:11:35,607 - utils.transcript - INFO - Extracted video ID: RAOlcfNUIlU
2026-06-03 20:11:35,608 - __main__ - INFO - Processing video: RAOlcfNUIlU
2026-06-03 20:11:35,608 - __main__ - INFO - Extracting transcript for RAOlcfNUIlU
2026-06-03 20:11:35,609 - utils.transcript - INFO - Extracted video ID: RAOlcfNUIlU
2026-06-03 20:11:35,610 - utils.transcript - INFO - Fetching transcript for video: RAOlcfNUIlU
2026-06-03 20:11:35,612 - utils.transcript - ERROR - Error extracting transcript: TypeError: 'NoneType' object is not iterable
2026-06-03 20:11:35,612 - __main__ - ERROR - Failed to extract transcript for RAOlcfNUIlU
2026-06-03 20:11:35,619 - werkzeug - INFO - 192.168.29.166 - - [03/Jun/2026 20:11:35] "[31m[1mPOST /api/summarize HTTP/1.1[0m" 400 -
2026-06-03 20:12:35,522 - utils.transcript - INFO - Extracted video ID: _uQrJ0TkZlc
2026-06-03 20:12:35,523 - __main__ - INFO - Processing video: _uQrJ0TkZlc
2026-06-03 20:12:35,523 - __main__ - INFO - Extracting transcript for _uQrJ0TkZlc
2026-06-03 20:12:35,525 - utils.transcript - INFO - Extracted video ID: _uQrJ0TkZlc
2026-06-03 20:12:35,525 - utils.transcript - INFO - Fetching transcript for video: _uQrJ0TkZlc
2026-06-03 20:12:35,525 - utils.transcript - ERROR - Error extracting transcript: TypeError: 'NoneType' object is not iterable
2026-06-03 20:12:35,527 - __main__ - ERROR - Failed to extract transcript for _uQrJ0TkZlc
2026-06-03 20:12:35,528 - werkzeug - INFO - 192.168.29.166 - - [03/Jun/2026 20:12:35] "[31m[1mPOST /api/summarize HTTP/1.1[0m" 400 -
2026-06-03 20:16:23,693 - werkzeug - INFO -  * Detected change in 'C:\\Users\\megha\\OneDrive\\Desktop\\Youtube-Summarizer\\utils\\transcript.py', reloading
2026-06-03 20:16:23,697 - werkzeug - INFO -  * Detected change in 'C:\\Users\\megha\\OneDrive\\Desktop\\Youtube-Summarizer\\utils\\transcript.py', reloading
2026-06-03 20:16:23,720 - werkzeug - INFO -  * Detected change in 'C:\\Users\\megha\\OneDrive\\Desktop\\Youtube-Summarizer\\utils\\transcript.py', reloading
2026-06-03 20:16:23,737 - werkzeug - INFO -  * Detected change in 'C:\\Users\\megha\\OneDrive\\Desktop\\Youtube-Summarizer\\utils\\transcript.py', reloading
2026-06-03 20:16:23,733 - werkzeug - INFO -  * Detected change in 'C:\\Users\\megha\\OneDrive\\Desktop\\Youtube-Summarizer\\utils\\transcript.py', reloading
2026-06-03 20:16:30,876 - werkzeug - INFO -  * Restarting with stat
2026-06-03 20:16:30,893 - werkzeug - INFO -  * Restarting with stat
2026-06-03 20:16:30,905 - werkzeug - INFO -  * Restarting with stat
2026-06-03 20:16:31,930 - werkzeug - INFO -  * Restarting with stat
2026-06-03 20:16:32,056 - werkzeug - INFO -  * Restarting with stat
2026-06-03 20:16:56,998 - database.db - INFO - Database initialized successfully
2026-06-03 20:16:57,006 - database.db - INFO - Database initialized successfully
2026-06-03 20:16:57,028 - __main__ - INFO - Starting YouTube Summarizer application
2026-06-03 20:16:57,030 - __main__ - INFO - Starting YouTube Summarizer application
2026-06-03 20:16:57,134 - werkzeug - WARNING -  * Debugger is active!
2026-06-03 20:16:57,140 - werkzeug - WARNING -  * Debugger is active!
2026-06-03 20:16:57,167 - database.db - INFO - Database initialized successfully
2026-06-03 20:16:57,193 - werkzeug - INFO -  * Debugger PIN: 123-915-065
2026-06-03 20:16:57,193 - __main__ - INFO - Starting YouTube Summarizer application
2026-06-03 20:16:57,195 - werkzeug - INFO -  * Debugger PIN: 123-915-065
2026-06-03 20:16:57,213 - database.db - INFO - Database initialized successfully
2026-06-03 20:16:57,231 - __main__ - INFO - Starting YouTube Summarizer application
2026-06-03 20:16:57,238 - database.db - INFO - Database initialized successfully
2026-06-03 20:16:57,270 - __main__ - INFO - Starting YouTube Summarizer application
2026-06-03 20:16:57,274 - werkzeug - WARNING -  * Debugger is active!
2026-06-03 20:16:57,303 - werkzeug - WARNING -  * Debugger is active!
2026-06-03 20:16:57,320 - werkzeug - INFO -  * Debugger PIN: 123-915-065
2026-06-03 20:16:57,342 - werkzeug - WARNING -  * Debugger is active!
2026-06-03 20:16:57,344 - werkzeug - INFO -  * Debugger PIN: 123-915-065
2026-06-03 20:16:57,363 - werkzeug - INFO -  * Debugger PIN: 123-915-065
2026-06-03 20:17:00,749 - werkzeug - INFO -  * Detected change in 'C:\\Users\\megha\\OneDrive\\Desktop\\Youtube-Summarizer\\app.py', reloading
2026-06-03 20:17:00,754 - werkzeug - INFO -  * Detected change in 'C:\\Users\\megha\\OneDrive\\Desktop\\Youtube-Summarizer\\app.py', reloading
2026-06-03 20:17:00,760 - werkzeug - INFO -  * Detected change in 'C:\\Users\\megha\\OneDrive\\Desktop\\Youtube-Summarizer\\app.py', reloading
2026-06-03 20:17:00,754 - werkzeug - INFO -  * Detected change in 'C:\\Users\\megha\\OneDrive\\Desktop\\Youtube-Summarizer\\app.py', reloading
2026-06-03 20:17:00,780 - werkzeug - INFO -  * Detected change in 'C:\\Users\\megha\\OneDrive\\Desktop\\Youtube-Summarizer\\app.py', reloading
2026-06-03 20:17:05,185 - werkzeug - INFO -  * Restarting with stat
2026-06-03 20:17:05,177 - werkzeug - INFO -  * Restarting with stat
2026-06-03 20:17:05,217 - werkzeug - INFO -  * Restarting with stat
2026-06-03 20:17:05,222 - werkzeug - INFO -  * Restarting with stat
2026-06-03 20:17:05,221 - werkzeug - INFO -  * Restarting with stat
2026-06-03 20:17:26,765 - database.db - INFO - Database initialized successfully
2026-06-03 20:17:26,774 - __main__ - INFO - Starting YouTube Summarizer application
2026-06-03 20:17:26,775 - __main__ - INFO - Starting YouTube Summarizer application
2026-06-03 20:17:26,777 - database.db - INFO - Database initialized successfully
2026-06-03 20:17:26,779 - database.db - INFO - Database initialized successfully
2026-06-03 20:17:26,786 - __main__ - INFO - Starting YouTube Summarizer application
2026-06-03 20:17:26,789 - __main__ - INFO - Starting YouTube Summarizer application
2026-06-03 20:17:26,813 - werkzeug - WARNING -  * Debugger is active!
2026-06-03 20:17:26,817 - werkzeug - WARNING -  * Debugger is active!
2026-06-03 20:17:26,832 - werkzeug - INFO -  * Debugger PIN: 123-915-065
2026-06-03 20:17:26,834 - werkzeug - INFO -  * Debugger PIN: 123-915-065
2026-06-03 20:17:26,835 - werkzeug - INFO -  * Debugger PIN: 123-915-065
2026-06-03 20:17:26,915 - database.db - INFO - Database initialized successfully
2026-06-03 20:17:26,924 - __main__ - INFO - Starting YouTube Summarizer application
2026-06-03 20:17:26,944 - werkzeug - WARNING -  * Debugger is active!
2026-06-03 20:17:26,951 - werkzeug - INFO -  * Debugger PIN: 123-915-065
2026-06-03 20:28:54,677 - database.db - INFO - Database initialized successfully
2026-06-03 20:28:54,685 - __main__ - INFO - Starting YouTube Summarizer application
2026-06-03 20:28:54,736 - werkzeug - INFO - [31m[1mWARNING: This is a development server. Do not use it in a production deployment. Use a production WSGI server instead.[0m
 * Running on all addresses (0.0.0.0)
 * Running on http://127.0.0.1:5000
 * Running on http://192.168.29.166:5000
2026-06-03 20:28:54,737 - werkzeug - INFO - [33mPress CTRL+C to quit[0m
2026-06-03 20:28:54,740 - werkzeug - INFO -  * Restarting with stat
2026-06-03 20:29:03,162 - database.db - INFO - Database initialized successfully
2026-06-03 20:29:03,166 - __main__ - INFO - Starting YouTube Summarizer application
2026-06-03 20:29:03,177 - werkzeug - WARNING -  * Debugger is active!
2026-06-03 20:29:03,188 - werkzeug - INFO -  * Debugger PIN: 123-915-065
2026-06-03 20:29:06,592 - __main__ - INFO - User accessed index page
2026-06-03 20:29:06,607 - database.db - INFO - Analytics retrieved: {'total_summaries': 0, 'total_words_processed': 0, 'average_compression_ratio': 0, 'total_summary_words': 0, 'last_summary_time': None, 'average_summary_length': 0}
2026-06-03 20:29:06,634 - werkzeug - INFO - 192.168.29.166 - - [03/Jun/2026 20:29:06] "GET / HTTP/1.1" 200 -
2026-06-03 20:29:07,433 - werkzeug - INFO - 192.168.29.166 - - [03/Jun/2026 20:29:07] "[36mGET /static/style.css HTTP/1.1[0m" 304 -
2026-06-03 20:29:07,732 - __main__ - WARNING - 404 error: 404 Not Found: The requested URL was not found on the server. If you entered the URL manually please check your spelling and try again.
2026-06-03 20:29:07,733 - werkzeug - INFO - 192.168.29.166 - - [03/Jun/2026 20:29:07] "[33mGET /favicon.ico HTTP/1.1[0m" 404 -
2026-06-03 20:29:15,907 - __main__ - INFO - Processing video: RAOlcfNUIlU
2026-06-03 20:29:15,909 - __main__ - INFO - Extracting transcript for RAOlcfNUIlU
2026-06-03 20:29:15,911 - utils.transcript - INFO - Fetching transcript (attempt 1/3) video_id=RAOlcfNUIlU
2026-06-03 20:29:17,995 - __main__ - ERROR - Failed to extract transcript for RAOlcfNUIlU
2026-06-03 20:29:17,997 - werkzeug - INFO - 192.168.29.166 - - [03/Jun/2026 20:29:17] "[31m[1mPOST /api/summarize HTTP/1.1[0m" 400 -
2026-06-03 20:29:33,293 - werkzeug - INFO - 192.168.29.166 - - [03/Jun/2026 20:29:33] "[36mGET /static/style.css HTTP/1.1[0m" 304 -
2026-06-03 20:33:11,195 - werkzeug - INFO -  * Detected change in 'C:\\Users\\megha\\OneDrive\\Desktop\\Youtube-Summarizer\\utils\\transcript.py', reloading
2026-06-03 20:33:14,342 - werkzeug - INFO -  * Restarting with stat
2026-06-03 20:33:23,365 - database.db - INFO - Database initialized successfully
2026-06-03 20:33:23,369 - __main__ - INFO - Starting YouTube Summarizer application
2026-06-03 20:33:23,390 - werkzeug - WARNING -  * Debugger is active!
2026-06-03 20:33:23,395 - werkzeug - INFO -  * Debugger PIN: 123-915-065
2026-06-03 20:33:53,617 - werkzeug - INFO -  * Detected change in 'C:\\Users\\megha\\OneDrive\\Desktop\\Youtube-Summarizer\\utils\\transcript.py', reloading
2026-06-03 20:33:54,775 - werkzeug - INFO -  * Restarting with stat
2026-06-03 20:34:04,235 - database.db - INFO - Database initialized successfully
2026-06-03 20:34:04,237 - __main__ - INFO - Starting YouTube Summarizer application
2026-06-03 20:34:04,252 - werkzeug - WARNING -  * Debugger is active!
2026-06-03 20:34:04,258 - werkzeug - INFO -  * Debugger PIN: 123-915-065
2026-06-03 20:34:07,303 - werkzeug - INFO -  * Detected change in 'C:\\Users\\megha\\OneDrive\\Desktop\\Youtube-Summarizer\\utils\\transcript.py', reloading
2026-06-03 20:34:08,558 - werkzeug - INFO -  * Restarting with stat
2026-06-03 20:35:52,107 - database.db - INFO - Database initialized successfully
2026-06-03 20:35:52,111 - __main__ - INFO - Starting YouTube Summarizer application
2026-06-03 20:35:52,149 - werkzeug - INFO - [31m[1mWARNING: This is a development server. Do not use it in a production deployment. Use a production WSGI server instead.[0m
 * Running on all addresses (0.0.0.0)
 * Running on http://127.0.0.1:5000
 * Running on http://192.168.29.166:5000
2026-06-03 20:35:52,150 - werkzeug - INFO - [33mPress CTRL+C to quit[0m
2026-06-03 20:35:52,152 - werkzeug - INFO -  * Restarting with stat
2026-06-03 20:35:59,599 - database.db - INFO - Database initialized successfully
2026-06-03 20:35:59,601 - __main__ - INFO - Starting YouTube Summarizer application
2026-06-03 20:35:59,609 - werkzeug - WARNING -  * Debugger is active!
2026-06-03 20:35:59,615 - werkzeug - INFO -  * Debugger PIN: 123-915-065
2026-06-03 20:36:51,310 - werkzeug - INFO - 127.0.0.1 - - [03/Jun/2026 20:36:51] "GET /health HTTP/1.1" 200 -
2026-06-03 20:38:39,920 - __main__ - INFO - Processing video: ysz5S6PUM-U
2026-06-03 20:38:39,922 - __main__ - INFO - Extracting transcript for ysz5S6PUM-U
2026-06-03 20:38:39,924 - utils.transcript - INFO - Fetching transcript (attempt 1/3) video_id=ysz5S6PUM-U
2026-06-03 20:38:42,950 - utils.transcript - WARNING - Transcript retrieval failed video_id=ysz5S6PUM-U type=TranscriptsDisabled detail=
Could not retrieve a transcript for the video https://www.youtube.com/watch?v=ysz5S6PUM-U! This is most likely caused by:

Subtitles are disabled for this video

If you are sure that the described cause is not responsible for this error and that a transcript should be retrievable, please create an issue at https://github.com/jdepoix/youtube-transcript-api/issues. Please add which version of youtube_transcript_api you are using and provide the information needed to replicate the error. Also make sure that there are no open issues which already describe your problem!
2026-06-03 20:38:42,952 - utils.transcript - ERROR - All transcript attempts failed video_id=ysz5S6PUM-U last_error=
Could not retrieve a transcript for the video https://www.youtube.com/watch?v=ysz5S6PUM-U! This is most likely caused by:

Subtitles are disabled for this video

If you are sure that the described cause is not responsible for this error and that a transcript should be retrievable, please create an issue at https://github.com/jdepoix/youtube-transcript-api/issues. Please add which version of youtube_transcript_api you are using and provide the information needed to replicate the error. Also make sure that there are no open issues which already describe your problem!
2026-06-03 20:38:42,954 - __main__ - ERROR - Failed to extract transcript for ysz5S6PUM-U
2026-06-03 20:38:42,956 - werkzeug - INFO - 127.0.0.1 - - [03/Jun/2026 20:38:42] "[31m[1mPOST /api/summarize HTTP/1.1[0m" 400 -
2026-06-03 20:56:25,712 - database.db - INFO - Database initialized successfully
2026-06-03 20:56:25,714 - __main__ - INFO - Starting YouTube Summarizer application
2026-06-03 20:56:25,759 - werkzeug - INFO - [31m[1mWARNING: This is a development server. Do not use it in a production deployment. Use a production WSGI server instead.[0m
 * Running on all addresses (0.0.0.0)
 * Running on http://127.0.0.1:5000
 * Running on http://192.168.29.166:5000
2026-06-03 20:56:25,760 - werkzeug - INFO - [33mPress CTRL+C to quit[0m
2026-06-03 20:56:25,761 - werkzeug - INFO -  * Restarting with stat
2026-06-03 20:56:30,832 - database.db - INFO - Database initialized successfully
2026-06-03 20:56:30,835 - __main__ - INFO - Starting YouTube Summarizer application
2026-06-03 20:56:30,841 - werkzeug - WARNING -  * Debugger is active!
2026-06-03 20:56:30,848 - werkzeug - INFO -  * Debugger PIN: 123-915-065
2026-06-03 20:56:39,468 - __main__ - INFO - User accessed index page
2026-06-03 20:56:39,787 - database.db - INFO - Analytics retrieved: {'total_summaries': 0, 'total_words_processed': 0, 'average_compression_ratio': 0, 'total_summary_words': 0, 'last_summary_time': None, 'average_summary_length': 0}
2026-06-03 20:56:40,103 - werkzeug - INFO - 192.168.29.166 - - [03/Jun/2026 20:56:40] "GET / HTTP/1.1" 200 -
2026-06-03 20:56:40,401 - werkzeug - INFO - 192.168.29.166 - - [03/Jun/2026 20:56:40] "[36mGET /static/style.css HTTP/1.1[0m" 304 -
2026-06-03 20:56:40,656 - __main__ - WARNING - 404 error: 404 Not Found: The requested URL was not found on the server. If you entered the URL manually please check your spelling and try again.
2026-06-03 20:56:40,658 - werkzeug - INFO - 192.168.29.166 - - [03/Jun/2026 20:56:40] "[33mGET /favicon.ico HTTP/1.1[0m" 404 -
2026-06-03 20:56:53,349 - __main__ - INFO - Processing video: RAOlcfNUIlU
2026-06-03 20:56:53,350 - __main__ - INFO - Extracting transcript for RAOlcfNUIlU
2026-06-03 20:56:53,353 - utils.transcript - INFO - Fetching transcript (attempt 1/3) video_id=RAOlcfNUIlU
2026-06-03 20:56:55,788 - __main__ - ERROR - Failed to extract transcript for RAOlcfNUIlU
2026-06-03 20:56:55,790 - werkzeug - INFO - 192.168.29.166 - - [03/Jun/2026 20:56:55] "[31m[1mPOST /api/summarize HTTP/1.1[0m" 400 -
